<?xml version="1.0" encoding="UTF-8"?>
<!-- Generated by org.testng.reporters.JUnitReportReporter -->
<testsuite skipped="0" hostname="adhmin-PC" name="com.amazon.qa.testcases.LoginPageTest" tests="2" failures="0" timestamp="19 Jun 2020 15:53:33 GMT" time="211.914" errors="0">
  <testcase name="loginTitle" time="111.363" classname="com.amazon.qa.testcases.LoginPageTest"/>
  <testcase name="loginTest" time="100.551" classname="com.amazon.qa.testcases.LoginPageTest"/>
</testsuite> <!-- com.amazon.qa.testcases.LoginPageTest -->
