<?xml version="1.0" encoding="UTF-8"?>
<!-- Generated by org.testng.reporters.JUnitReportReporter -->
<testsuite skipped="0" hostname="adhmin-PC" name="com.amazon.qa.testcases.LandingPageTest" tests="2" failures="0" timestamp="18 Jun 2020 17:48:24 GMT" time="61.155" errors="0">
  <testcase name="clickonSignUp" time="33.519" classname="com.amazon.qa.testcases.LandingPageTest"/>
  <testcase name="landingPageTitle" time="27.636" classname="com.amazon.qa.testcases.LandingPageTest"/>
</testsuite> <!-- com.amazon.qa.testcases.LandingPageTest -->
